<?xml version="1.0" encoding="UTF-8"?>
<!-- Generated by org.testng.reporters.JUnitReportReporter -->
<testsuite hostname="DESKTOP-548DG74" name="adact.pomtask.AdactRun" tests="1" failures="0" timestamp="15 Mar 2022 14:09:24 GMT" time="24.661" errors="0">
  <testcase name="adactAllTest" time="24.661" classname="adact.pomtask.AdactRun"/>
</testsuite> <!-- adact.pomtask.AdactRun -->
